\BOOKMARK [1][-]{section.1}{Algebraische Strukturen mit einer Verkn\374pfung}{}% 1
\BOOKMARK [2][-]{subsection.1.1}{Definition}{section.1}% 2
\BOOKMARK [2][-]{subsection.1.2}{Beispiel}{section.1}% 3
\BOOKMARK [2][-]{subsection.1.3}{Definition}{section.1}% 4
\BOOKMARK [2][-]{subsection.1.4}{Bemerkung}{section.1}% 5
\BOOKMARK [2][-]{subsection.1.5}{Beispiel}{section.1}% 6
\BOOKMARK [2][-]{subsection.1.6}{Definition}{section.1}% 7
\BOOKMARK [2][-]{subsection.1.7}{Beispiel}{section.1}% 8
\BOOKMARK [2][-]{subsection.1.8}{Definition}{section.1}% 9
\BOOKMARK [2][-]{subsection.1.9}{Beispiel}{section.1}% 10
\BOOKMARK [2][-]{subsection.1.10}{Lemma}{section.1}% 11
\BOOKMARK [2][-]{subsection.1.11}{Definition}{section.1}% 12
\BOOKMARK [2][-]{subsection.1.12}{Beispiele}{section.1}% 13
\BOOKMARK [2][-]{subsection.1.13}{Definition}{section.1}% 14
\BOOKMARK [2][-]{subsection.1.14}{Lemma}{section.1}% 15
\BOOKMARK [2][-]{subsection.1.15}{Definition}{section.1}% 16
\BOOKMARK [2][-]{subsection.1.16}{Bemerkung}{section.1}% 17
\BOOKMARK [2][-]{subsection.1.17}{Beispiel}{section.1}% 18
\BOOKMARK [2][-]{subsection.1.18}{Definition}{section.1}% 19
\BOOKMARK [2][-]{subsection.1.19}{Beispiele}{section.1}% 20
\BOOKMARK [2][-]{subsection.1.20}{Satz und Definition}{section.1}% 21
\BOOKMARK [2][-]{subsection.1.21}{Beispiel}{section.1}% 22
\BOOKMARK [2][-]{subsection.1.22}{Beispiel}{section.1}% 23
\BOOKMARK [1][-]{section.2}{Algebraische Strukturen mit 2 Verkn\374pfungen: Ringe und K\366rper}{}% 24
\BOOKMARK [2][-]{subsection.2.1}{Definition}{section.2}% 25
\BOOKMARK [2][-]{subsection.2.2}{Beispiel}{section.2}% 26
\BOOKMARK [2][-]{subsection.2.3}{Satz \(Rechnen mit Ringen\)}{section.2}% 27
